#! /usr/bin/vvp
:ivl_version "10.3 (stable)";
:ivl_delay_selection "TYPICAL";
:vpi_time_precision + 0;
:vpi_module "system";
:vpi_module "vhdl_sys";
:vpi_module "v2005_math";
:vpi_module "va_math";
S_0x55e219f34220 .scope module, "multest" "multest" 2 1;
 .timescale 0 0;
v0x55e219f92410_0 .var "A", 7 0;
v0x55e219f924f0_0 .var "B", 7 0;
v0x55e219f92590_0 .net "O", 16 0, L_0x55e219fa42f0;  1 drivers
v0x55e219f92630_0 .var "OR", 16 0;
v0x55e219f926d0_0 .var "ck", 0 0;
v0x55e219f92770_0 .net "fin", 0 0, L_0x55e219fa4430;  1 drivers
v0x55e219f92810_0 .var "st", 3 0;
v0x55e219f928b0_0 .var "start", 0 0;
E_0x55e219f6f370 .event negedge, v0x55e219f919c0_0;
S_0x55e219f6e2e0 .scope module, "MUL" "mul" 2 18, 3 1 0, S_0x55e219f34220;
 .timescale 0 0;
    .port_info 0 /INPUT 8 "A"
    .port_info 1 /INPUT 8 "B"
    .port_info 2 /OUTPUT 17 "O"
    .port_info 3 /INPUT 1 "ck"
    .port_info 4 /INPUT 1 "start"
    .port_info 5 /OUTPUT 1 "fin"
L_0x7fce2ab3a0a8 .functor BUFT 1, C4<00000001>, C4<0>, C4<0>, C4<0>;
L_0x55e219f637a0 .functor AND 8, L_0x7fce2ab3a0a8, L_0x55e219fa3170, C4<11111111>, C4<11111111>;
L_0x55e219fa3a90 .functor BUFZ 64, L_0x55e219fa4160, C4<0000000000000000000000000000000000000000000000000000000000000000>, C4<0000000000000000000000000000000000000000000000000000000000000000>, C4<0000000000000000000000000000000000000000000000000000000000000000>;
v0x55e219f343a0_0 .net "A", 7 0, v0x55e219f92410_0;  1 drivers
v0x55e219f90590_0 .net "B", 7 0, v0x55e219f924f0_0;  1 drivers
v0x55e219f90670_0 .net "O", 16 0, L_0x55e219fa42f0;  alias, 1 drivers
L_0x7fce2ab3a060 .functor BUFT 1, C4<000000000>, C4<0>, C4<0>, C4<0>;
v0x55e219f90730_0 .net/2u *"_s10", 8 0, L_0x7fce2ab3a060;  1 drivers
v0x55e219f90810_0 .net *"_s13", 7 0, L_0x55e219fa2e70;  1 drivers
v0x55e219f90940_0 .net/2u *"_s14", 7 0, L_0x7fce2ab3a0a8;  1 drivers
L_0x7fce2ab3a0f0 .functor BUFT 1, C4<0000000000000000000000000000000000000000000000000000000000000111>, C4<0>, C4<0>, C4<0>;
v0x55e219f90a20_0 .net/2s *"_s16", 63 0, L_0x7fce2ab3a0f0;  1 drivers
v0x55e219f90b00_0 .net/s *"_s18", 63 0, L_0x55e219fa3010;  1 drivers
v0x55e219f90be0_0 .net *"_s20", 7 0, L_0x55e219fa3170;  1 drivers
v0x55e219f90cc0_0 .net *"_s22", 7 0, L_0x55e219f637a0;  1 drivers
v0x55e219f90da0_0 .net *"_s25", 7 0, L_0x55e219fa3330;  1 drivers
v0x55e219f90e80_0 .net *"_s26", 16 0, L_0x55e219fa34c0;  1 drivers
v0x55e219f90f60_0 .net *"_s28", 16 0, L_0x55e219fa3600;  1 drivers
L_0x7fce2ab3a138 .functor BUFT 1, C4<0000000000000000000000000000000000000000000000000000000000000001>, C4<0>, C4<0>, C4<0>;
v0x55e219f91040_0 .net/2s *"_s30", 63 0, L_0x7fce2ab3a138;  1 drivers
v0x55e219f91120_0 .net/s *"_s32", 63 0, L_0x55e219fa3810;  1 drivers
v0x55e219f91200_0 .net *"_s34", 81 0, L_0x55e219fa3950;  1 drivers
v0x55e219f912e0_0 .net *"_s37", 0 0, L_0x55e219fa3b00;  1 drivers
v0x55e219f913c0_0 .net *"_s38", 17 0, L_0x55e219fa3ba0;  1 drivers
v0x55e219f914a0_0 .net *"_s4", 16 0, L_0x55e219f92cc0;  1 drivers
v0x55e219f91580_0 .net *"_s6", 15 0, L_0x55e219f92b90;  1 drivers
L_0x7fce2ab3a018 .functor BUFT 1, C4<0>, C4<0>, C4<0>, C4<0>;
v0x55e219f91660_0 .net *"_s8", 0 0, L_0x7fce2ab3a018;  1 drivers
v0x55e219f91740_0 .net "b", 7 0, L_0x55e219fa4070;  1 drivers
v0x55e219f91820_0 .var "c$case_alt", 0 0;
v0x55e219f918e0_0 .var "c$ds_app_arg", 81 0;
v0x55e219f919c0_0 .net "ck", 0 0, v0x55e219f926d0_0;  1 drivers
v0x55e219f91a80_0 .net "eta4", 15 0, L_0x55e219f92980;  1 drivers
v0x55e219f91b60_0 .net "fin", 0 0, L_0x55e219fa4430;  alias, 1 drivers
v0x55e219f91c20_0 .net "result", 17 0, L_0x55e219f92af0;  1 drivers
v0x55e219f91d00_0 .net "result_4", 99 0, L_0x55e219fa3d60;  1 drivers
v0x55e219f91de0_0 .net/s "st", 63 0, L_0x55e219fa4160;  1 drivers
v0x55e219f91ec0_0 .net "start", 0 0, v0x55e219f928b0_0;  1 drivers
v0x55e219f91f80_0 .net "y", 16 0, L_0x55e219fa3ef0;  1 drivers
v0x55e219f92060_0 .net/s "y2", 63 0, L_0x55e219fa3a90;  1 drivers
E_0x55e219f70a40 .event edge, v0x55e219f92060_0;
E_0x55e219f6ecc0 .event posedge, v0x55e219f919c0_0;
L_0x55e219f92980 .concat [ 8 8 0 0], v0x55e219f924f0_0, v0x55e219f92410_0;
L_0x55e219f92af0 .part L_0x55e219fa3d60, 0, 18;
L_0x55e219f92b90 .part L_0x55e219fa3ef0, 0, 16;
L_0x55e219f92cc0 .concat [ 1 16 0 0], L_0x7fce2ab3a018, L_0x55e219f92b90;
L_0x55e219fa2e70 .part L_0x55e219f92980, 8, 8;
L_0x55e219fa3010 .arith/sub 64, L_0x7fce2ab3a0f0, L_0x55e219fa3a90;
L_0x55e219fa3170 .shift/r 8, L_0x55e219fa4070, L_0x55e219fa3010;
L_0x55e219fa3330 .arith/mult 8, L_0x55e219fa2e70, L_0x55e219f637a0;
L_0x55e219fa34c0 .concat [ 8 9 0 0], L_0x55e219fa3330, L_0x7fce2ab3a060;
L_0x55e219fa3600 .arith/sum 17, L_0x55e219f92cc0, L_0x55e219fa34c0;
L_0x55e219fa3810 .arith/sum 64, L_0x55e219fa3a90, L_0x7fce2ab3a138;
L_0x55e219fa3950 .concat [ 1 64 17 0], v0x55e219f91820_0, L_0x55e219fa3810, L_0x55e219fa3600;
L_0x55e219fa3b00 .part v0x55e219f918e0_0, 0, 1;
L_0x55e219fa3ba0 .concat [ 1 17 0 0], L_0x55e219fa3b00, L_0x55e219fa3ef0;
L_0x55e219fa3d60 .concat [ 18 82 0 0], L_0x55e219fa3ba0, L_0x55e219fa3950;
L_0x55e219fa3ef0 .part v0x55e219f918e0_0, 65, 17;
L_0x55e219fa4070 .part L_0x55e219f92980, 0, 8;
L_0x55e219fa4160 .part v0x55e219f918e0_0, 1, 64;
L_0x55e219fa42f0 .part L_0x55e219f92af0, 1, 17;
L_0x55e219fa4430 .part L_0x55e219f92af0, 0, 1;
S_0x55e219f6e500 .scope begin, "c$ds_app_arg_register" "c$ds_app_arg_register" 3 25, 3 25 0, S_0x55e219f6e2e0;
 .timescale 0 0;
    .scope S_0x55e219f6e2e0;
T_0 ;
    %pushi/vec4 0, 0, 82;
    %store/vec4 v0x55e219f918e0_0, 0, 82;
    %end;
    .thread T_0;
    .scope S_0x55e219f6e2e0;
T_1 ;
    %wait E_0x55e219f6ecc0;
    %fork t_1, S_0x55e219f6e500;
    %jmp t_0;
    .scope S_0x55e219f6e500;
t_1 ;
    %load/vec4 v0x55e219f91ec0_0;
    %pad/u 32;
    %cmpi/e 1, 0, 32;
    %jmp/0xz  T_1.0, 4;
    %pushi/vec4 0, 0, 82;
    %assign/vec4 v0x55e219f918e0_0, 0;
    %jmp T_1.1;
T_1.0 ;
    %load/vec4 v0x55e219f91d00_0;
    %parti/s 82, 18, 6;
    %assign/vec4 v0x55e219f918e0_0, 0;
T_1.1 ;
    %end;
    .scope S_0x55e219f6e2e0;
t_0 %join;
    %jmp T_1;
    .thread T_1;
    .scope S_0x55e219f6e2e0;
T_2 ;
    %wait E_0x55e219f70a40;
    %load/vec4 v0x55e219f92060_0;
    %dup/vec4;
    %pushi/vec4 7, 0, 64;
    %cmp/u;
    %jmp/1 T_2.0, 6;
    %pushi/vec4 0, 0, 1;
    %store/vec4 v0x55e219f91820_0, 0, 1;
    %jmp T_2.2;
T_2.0 ;
    %pushi/vec4 1, 0, 1;
    %store/vec4 v0x55e219f91820_0, 0, 1;
    %jmp T_2.2;
T_2.2 ;
    %pop/vec4 1;
    %jmp T_2;
    .thread T_2, $push;
    .scope S_0x55e219f34220;
T_3 ;
    %pushi/vec4 0, 0, 1;
    %store/vec4 v0x55e219f926d0_0, 0, 1;
    %pushi/vec4 0, 0, 1;
    %store/vec4 v0x55e219f928b0_0, 0, 1;
    %pushi/vec4 0, 0, 4;
    %store/vec4 v0x55e219f92810_0, 0, 4;
    %vpi_call 2 12 "$dumpvars" {0 0 0};
    %vpi_call 2 13 "$dumpfile", "mul.vcd" {0 0 0};
    %vpi_call 2 14 "$monitor", "%t\011A=%h, B=%h, (OUT=%h) OUT=%h", $time, v0x55e219f92410_0, v0x55e219f924f0_0, v0x55e219f92590_0, v0x55e219f92630_0 {0 0 0};
    %pushi/vec4 0, 0, 8;
    %store/vec4 v0x55e219f92410_0, 0, 8;
    %pushi/vec4 0, 0, 8;
    %store/vec4 v0x55e219f924f0_0, 0, 8;
    %end;
    .thread T_3;
    .scope S_0x55e219f34220;
T_4 ;
    %delay 10, 0;
    %load/vec4 v0x55e219f926d0_0;
    %inv;
    %store/vec4 v0x55e219f926d0_0, 0, 1;
    %jmp T_4;
    .thread T_4;
    .scope S_0x55e219f34220;
T_5 ;
    %wait E_0x55e219f6f370;
    %load/vec4 v0x55e219f92810_0;
    %pad/u 32;
    %cmpi/e 0, 0, 32;
    %jmp/0xz  T_5.0, 4;
    %pushi/vec4 1, 0, 1;
    %assign/vec4 v0x55e219f928b0_0, 0;
    %jmp T_5.1;
T_5.0 ;
    %pushi/vec4 0, 0, 1;
    %assign/vec4 v0x55e219f928b0_0, 0;
T_5.1 ;
    %load/vec4 v0x55e219f92770_0;
    %pad/u 32;
    %cmpi/e 1, 0, 32;
    %jmp/0xz  T_5.2, 4;
    %load/vec4 v0x55e219f92590_0;
    %assign/vec4 v0x55e219f92630_0, 0;
    %load/vec4 v0x55e219f924f0_0;
    %load/vec4 v0x55e219f92410_0;
    %concat/vec4; draw_concat_vec4
    %addi 1, 0, 16;
    %split/vec4 8;
    %assign/vec4 v0x55e219f92410_0, 0;
    %assign/vec4 v0x55e219f924f0_0, 0;
    %pushi/vec4 0, 0, 4;
    %assign/vec4 v0x55e219f92810_0, 0;
    %load/vec4 v0x55e219f92590_0;
    %load/vec4 v0x55e219f92410_0;
    %pad/u 17;
    %load/vec4 v0x55e219f924f0_0;
    %pad/u 17;
    %mul;
    %cmp/ne;
    %jmp/0xz  T_5.4, 4;
    %vpi_call 2 30 "$finish" {0 0 0};
T_5.4 ;
    %load/vec4 v0x55e219f92410_0;
    %pad/u 32;
    %pushi/vec4 15, 0, 32;
    %cmp/e;
    %flag_get/vec4 4;
    %load/vec4 v0x55e219f924f0_0;
    %pad/u 32;
    %pushi/vec4 15, 0, 32;
    %cmp/e;
    %flag_get/vec4 4;
    %and;
    %flag_set/vec4 8;
    %jmp/0xz  T_5.6, 8;
    %vpi_call 2 33 "$display", "OK\012" {0 0 0};
    %vpi_call 2 34 "$finish" {0 0 0};
T_5.6 ;
    %jmp T_5.3;
T_5.2 ;
    %load/vec4 v0x55e219f92810_0;
    %addi 1, 0, 4;
    %assign/vec4 v0x55e219f92810_0, 0;
T_5.3 ;
    %jmp T_5;
    .thread T_5;
# The file index is used to find the file name in the following table.
:file_names 4;
    "N/A";
    "<interactive>";
    "multest2.v";
    "mul.v";
